Build started 03/07/2015 16:18:40.
     1>Project "D:\MestradoUFES\projetoMestrado\principalComponentAnalysys\principalComponentAnalysys\principalComponentAnalysys.vcxproj" on node 2 (build target(s)).
     1>InitializeBuildStatus:
         Creating "Debug\principalComponentAnalysys.unsuccessfulbuild" because "AlwaysCreate" was specified.
       ClCompile:
         C:\Program Files (x86)\Microsoft Visual Studio 10.0\VC\bin\CL.exe /c /IC:\eigen325 /IC:\boost_1_58_0 /ZI /nologo /W3 /WX- /Od /Oy- /D _MBCS /Gm /EHsc /RTC1 /MDd /GS /fp:precise /Zc:wchar_t /Zc:forScope /Fo"Debug\\" /Fd"Debug\vc100.pdb" /Gd /TP /analyze- /errorReport:prompt PCA.cpp
         PCA.cpp
     1>d:\mestradoufes\projetomestrado\principalcomponentanalysys\principalcomponentanalysys\pca.cpp(107): warning C4996: 'fopen': This function or variable may be unsafe. Consider using fopen_s instead. To disable deprecation, use _CRT_SECURE_NO_WARNINGS. See online help for details.
                 c:\program files (x86)\microsoft visual studio 10.0\vc\include\stdio.h(234) : see declaration of 'fopen'
     1>d:\mestradoufes\projetomestrado\principalcomponentanalysys\principalcomponentanalysys\pca.cpp(116): warning C4996: 'fscanf': This function or variable may be unsafe. Consider using fscanf_s instead. To disable deprecation, use _CRT_SECURE_NO_WARNINGS. See online help for details.
                 c:\program files (x86)\microsoft visual studio 10.0\vc\include\stdio.h(253) : see declaration of 'fscanf'
     1>d:\mestradoufes\projetomestrado\principalcomponentanalysys\principalcomponentanalysys\pca.cpp(121): warning C4996: 'fscanf': This function or variable may be unsafe. Consider using fscanf_s instead. To disable deprecation, use _CRT_SECURE_NO_WARNINGS. See online help for details.
                 c:\program files (x86)\microsoft visual studio 10.0\vc\include\stdio.h(253) : see declaration of 'fscanf'
     1>d:\mestradoufes\projetomestrado\principalcomponentanalysys\principalcomponentanalysys\pca.cpp(128): warning C4996: 'fscanf': This function or variable may be unsafe. Consider using fscanf_s instead. To disable deprecation, use _CRT_SECURE_NO_WARNINGS. See online help for details.
                 c:\program files (x86)\microsoft visual studio 10.0\vc\include\stdio.h(253) : see declaration of 'fscanf'
     1>d:\mestradoufes\projetomestrado\principalcomponentanalysys\principalcomponentanalysys\pca.cpp(350): warning C4018: '<' : signed/unsigned mismatch
       Link:
         C:\Program Files (x86)\Microsoft Visual Studio 10.0\VC\bin\link.exe /ERRORREPORT:PROMPT /OUT:"D:\MestradoUFES\projetoMestrado\principalComponentAnalysys\Debug\principalComponentAnalysys.exe" /NOLOGO kernel32.lib user32.lib gdi32.lib winspool.lib comdlg32.lib advapi32.lib shell32.lib ole32.lib oleaut32.lib uuid.lib odbc32.lib odbccp32.lib /MANIFEST /ManifestFile:"Debug\principalComponentAnalysys.exe.intermediate.manifest" /MANIFESTUAC:"level='asInvoker' uiAccess='false'" /DEBUG /PDB:"D:\MestradoUFES\projetoMestrado\principalComponentAnalysys\Debug\principalComponentAnalysys.pdb" /TLBID:1 /DYNAMICBASE /NXCOMPAT /IMPLIB:"D:\MestradoUFES\projetoMestrado\principalComponentAnalysys\Debug\principalComponentAnalysys.lib" /MACHINE:X86 Debug\PCA.obj
         LINK : D:\MestradoUFES\projetoMestrado\principalComponentAnalysys\Debug\principalComponentAnalysys.exe not found or not built by the last incremental link; performing full link
         principalComponentAnalysys.vcxproj -> D:\MestradoUFES\projetoMestrado\principalComponentAnalysys\Debug\principalComponentAnalysys.exe
       Manifest:
         C:\Program Files (x86)\Microsoft SDKs\Windows\v7.0A\bin\mt.exe /nologo /verbose /outputresource:"D:\MestradoUFES\projetoMestrado\principalComponentAnalysys\Debug\principalComponentAnalysys.exe;#1" /manifest Debug\principalComponentAnalysys.exe.intermediate.manifest
       FinalizeBuildStatus:
         Deleting file "Debug\principalComponentAnalysys.unsuccessfulbuild".
         Touching "Debug\principalComponentAnalysys.lastbuildstate".
     1>Done Building Project "D:\MestradoUFES\projetoMestrado\principalComponentAnalysys\principalComponentAnalysys\principalComponentAnalysys.vcxproj" (build target(s)).

Build succeeded.

Time Elapsed 00:00:07.31
